<?xml version="1.0" encoding="UTF-8"?>
<testsuite xmlns:xsi="http://www.w3.org/2001/XMLSchema-instance" xsi:noNamespaceSchemaLocation="https://maven.apache.org/surefire/maven-surefire-plugin/xsd/surefire-test-report-3.0.xsd" version="3.0" name="com.boot.vamsi.VamsiApplicationTests" time="6.554" tests="1" errors="0" skipped="0" failures="0">
  <properties>
[...]
</properties>
  <testcase name="contextLoads" classname="com.boot.vamsi.VamsiApplicationTests" time="0.649">
    <system-out><![CDATA[02:05:32.403 [main] INFO org.springframework.test.context.support.AnnotationConfigContextLoaderUtils -- Could not detect default configuration classes for test class [com.boot.vamsi.VamsiApplicationTests]: VamsiApplicationTests does not declare any static, non-private, non-final, nested classes annotated with @Configuration.
02:05:32.591 [main] INFO org.springframework.boot.test.context.SpringBootTestContextBootstrapper -- Found @SpringBootConfiguration com.boot.vamsi.VamsiApplication for test class com.boot.vamsi.VamsiApplicationTests

  .   ____          _            __ _ _
 /\\ / ___'_ __ _ _(_)_ __  __ _ \ \ \ \
( ( )\___ | '_ | '_| | '_ \/ _` | \ \ \ \
 \\/  ___)| |_)| | | | | || (_| |  ) ) ) )
  '  |____| .__|_| |_|_| |_\__, | / / / /
 =========|_|==============|___/=/_/_/_/
 :: Spring Boot ::       (v3.2.0-SNAPSHOT)

2023-09-27T02:05:33.277+05:30  INFO 21332 --- [           main] com.boot.vamsi.VamsiApplicationTests     : Starting VamsiApplicationTests using Java 20.0.1 with PID 21332 (started by kollu in C:\Users\kollu\Downloads\vamsi)
2023-09-27T02:05:33.279+05:30  INFO 21332 --- [           main] com.boot.vamsi.VamsiApplicationTests     : No active profile set, falling back to 1 default profile: "default"
2023-09-27T02:05:34.326+05:30  INFO 21332 --- [           main] .s.d.r.c.RepositoryConfigurationDelegate : Bootstrapping Spring Data JPA repositories in DEFAULT mode.
2023-09-27T02:05:34.361+05:30  INFO 21332 --- [           main] .s.d.r.c.RepositoryConfigurationDelegate : Finished Spring Data repository scanning in 22 ms. Found 0 JPA repository interfaces.
2023-09-27T02:05:34.939+05:30  INFO 21332 --- [           main] com.zaxxer.hikari.HikariDataSource       : HikariPool-1 - Starting...
2023-09-27T02:05:35.169+05:30  INFO 21332 --- [           main] com.zaxxer.hikari.pool.HikariPool        : HikariPool-1 - Added connection org.postgresql.jdbc.PgConnection@49f3ff41
2023-09-27T02:05:35.172+05:30  INFO 21332 --- [           main] com.zaxxer.hikari.HikariDataSource       : HikariPool-1 - Start completed.
2023-09-27T02:05:35.247+05:30  INFO 21332 --- [           main] o.hibernate.jpa.internal.util.LogHelper  : HHH000204: Processing PersistenceUnitInfo [name: default]
2023-09-27T02:05:35.384+05:30  INFO 21332 --- [           main] org.hibernate.Version                    : HHH000412: Hibernate ORM core version 6.3.1.Final
2023-09-27T02:05:35.456+05:30  INFO 21332 --- [           main] o.h.c.internal.RegionFactoryInitiator    : HHH000026: Second-level cache disabled
2023-09-27T02:05:35.974+05:30  INFO 21332 --- [           main] o.s.o.j.p.SpringPersistenceUnitInfo      : No LoadTimeWeaver setup: ignoring JPA class transformer
2023-09-27T02:05:37.216+05:30  INFO 21332 --- [           main] o.h.e.t.j.p.i.JtaPlatformInitiator       : HHH000489: No JTA platform available (set 'hibernate.transaction.jta.platform' to enable JTA platform integration)
2023-09-27T02:05:37.219+05:30  INFO 21332 --- [           main] j.LocalContainerEntityManagerFactoryBean : Initialized JPA EntityManagerFactory for persistence unit 'default'
2023-09-27T02:05:37.455+05:30  WARN 21332 --- [           main] JpaBaseConfiguration$JpaWebConfiguration : spring.jpa.open-in-view is enabled by default. Therefore, database queries may be performed during view rendering. Explicitly configure spring.jpa.open-in-view to disable this warning
2023-09-27T02:05:38.008+05:30  INFO 21332 --- [           main] com.boot.vamsi.VamsiApplicationTests     : Started VamsiApplicationTests in 5.153 seconds (process running for 6.611)
]]></system-out>
  </testcase>
</testsuite>